<?xml version="1.0" encoding="UTF-8"?>
<!-- Generated by org.testng.reporters.JUnitReportReporter -->
<testsuite hostname="DESKTOP-84TE32L" failures="0" tests="2" name="com.class1.TaskAnnotation" time="0.011" errors="0" timestamp="2020-01-13T19:36:46 CST" skipped="0">
  <testcase classname="com.class1.TaskAnnotation" name="change" time="0.008"/>
  <testcase classname="com.class1.TaskAnnotation" name="delete" time="0.003"/>
</testsuite> <!-- com.class1.TaskAnnotation -->
