<?xml version="1.0" encoding="UTF-8"?>
<!-- Generated by org.testng.reporters.JUnitReportReporter -->
<testsuite hostname="DESKTOP-84TE32L" failures="0" tests="3" name="com.TestNGstudyMySelf.GoogleTitleTest" time="17.178" errors="0" timestamp="2020-01-16T20:48:42 CST" skipped="0">
  <testcase classname="com.TestNGstudyMySelf.GoogleTitleTest" name="googleLogoTest" time="5.540"/>
  <testcase classname="com.TestNGstudyMySelf.GoogleTitleTest" name="mailLinkTest" time="5.870"/>
  <testcase classname="com.TestNGstudyMySelf.GoogleTitleTest" name="googleTitleTest" time="5.768"/>
</testsuite> <!-- com.TestNGstudyMySelf.GoogleTitleTest -->
