<?xml version="1.0" encoding="UTF-8"?>
<!-- Generated by org.testng.reporters.JUnitReportReporter -->
<testsuite hostname="DESKTOP-84TE32L" failures="0" tests="2" name="com.class3.AlwaysRun" time="0.006" errors="0" timestamp="2020-01-14T18:37:03 CST" skipped="0">
  <testcase classname="com.class3.AlwaysRun" name="testMethod" time="0.005"/>
  <testcase classname="com.class3.AlwaysRun" name="testMethod1" time="0.001"/>
</testsuite> <!-- com.class3.AlwaysRun -->
