<?xml version="1.0" encoding="UTF-8"?>
<!-- Generated by org.testng.reporters.JUnitReportReporter -->
<testsuite hostname="DESKTOP-84TE32L" failures="0" tests="2" name="com.class1.HwPasswordValidation$HW" time="4.704" errors="0" timestamp="2020-01-13T19:36:46 CST" skipped="1">
  <testcase classname="com.class1.HwPasswordValidation$HW" name="validationOfMessage" time="4.704"/>
  <testcase classname="com.class1.HwPasswordValidation$HW" name="validationOfLogo">
    <skipped/>
  </testcase> <!-- validationOfLogo -->
</testsuite> <!-- com.class1.HwPasswordValidation$HW -->
