<?xml version="1.0" encoding="UTF-8"?>
<!-- Generated by org.testng.reporters.JUnitReportReporter -->
<testsuite hostname="DESKTOP-84TE32L" failures="0" tests="2" name="com.class3.GroupsHW" time="5.313" errors="0" timestamp="2020-01-14T20:19:41 CST" skipped="1">
  <testcase classname="com.class3.GroupsHW" name="validationOfMessage" time="5.313"/>
  <testcase classname="com.class3.GroupsHW" name="validationOfLogo">
    <skipped/>
  </testcase> <!-- validationOfLogo -->
</testsuite> <!-- com.class3.GroupsHW -->
