<?xml version="1.0" encoding="UTF-8"?>
<!-- Generated by org.testng.reporters.JUnitReportReporter -->
<testsuite hostname="DESKTOP-84TE32L" failures="0" tests="2" name="com.class2.AssertionsDemo" time="8.582" errors="0" timestamp="2020-01-13T19:36:46 CST" skipped="0">
  <testcase classname="com.class2.AssertionsDemo" name="titleValidation" time="4.234"/>
  <testcase classname="com.class2.AssertionsDemo" name="logoValidation" time="4.348"/>
</testsuite> <!-- com.class2.AssertionsDemo -->
