<?xml version="1.0" encoding="UTF-8"?>
<!-- Generated by org.testng.reporters.JUnitReportReporter -->
<testsuite hostname="DESKTOP-84TE32L" failures="0" tests="2" name="com.class2.TaskAssertion$HW" time="11.767" errors="0" timestamp="2020-01-13T19:36:46 CST" skipped="0">
  <testcase classname="com.class2.TaskAssertion$HW" name="validationOfLogo" time="7.219"/>
  <testcase classname="com.class2.TaskAssertion$HW" name="validationOfMessage" time="4.548"/>
</testsuite> <!-- com.class2.TaskAssertion$HW -->
