<?xml version="1.0" encoding="UTF-8"?>
<!-- Generated by org.testng.reporters.JUnitReportReporter -->
<testsuite hostname="DESKTOP-84TE32L" failures="0" tests="3" name="com.TestNGstudyMySelf.GoogleTest" time="19.616" errors="0" timestamp="2020-01-16T20:48:42 CST" skipped="0">
  <testcase classname="com.TestNGstudyMySelf.GoogleTest" name="googleTitleTest" time="6.174"/>
  <testcase classname="com.TestNGstudyMySelf.GoogleTest" name="mailLinkTest" time="7.382"/>
  <testcase classname="com.TestNGstudyMySelf.GoogleTest" name="googleLogoTest" time="6.060"/>
</testsuite> <!-- com.TestNGstudyMySelf.GoogleTest -->
