<?xml version="1.0" encoding="UTF-8"?>
<!-- Generated by org.testng.reporters.JUnitReportReporter -->
<testsuite hostname="DESKTOP-84TE32L" failures="0" tests="1" name="com.class3.GroupsTitleLogoVerification" time="7.414" errors="0" timestamp="2020-01-16T21:38:00 CST" skipped="0">
  <testcase classname="com.class3.GroupsTitleLogoVerification" name="validLogin" time="7.414"/>
</testsuite> <!-- com.class3.GroupsTitleLogoVerification -->
