<?xml version="1.0" encoding="UTF-8"?>
<!-- Generated by org.testng.reporters.JUnitReportReporter -->
<testsuite hostname="DESKTOP-84TE32L" failures="0" tests="2" name="com.TestNGstudyMySelf.TestNGFeatures" time="0.012" errors="0" timestamp="2020-01-16T20:48:42 CST" skipped="0">
  <testcase classname="com.TestNGstudyMySelf.TestNGFeatures" name="homePageTest" time="0.004"/>
  <testcase classname="com.TestNGstudyMySelf.TestNGFeatures" name="loginTest" time="0.008"/>
</testsuite> <!-- com.TestNGstudyMySelf.TestNGFeatures -->
