<?xml version="1.0" encoding="UTF-8"?>
<!-- Generated by org.testng.reporters.JUnitReportReporter -->
<testsuite hostname="DESKTOP-84TE32L" failures="0" tests="3" name="com.class1.TaskTestNG" time="0.005" errors="0" timestamp="2020-01-13T19:36:46 CST" skipped="0">
  <testcase classname="com.class1.TaskTestNG" name="close" time="0.000"/>
  <testcase classname="com.class1.TaskTestNG" name="loggingIn" time="0.004"/>
  <testcase classname="com.class1.TaskTestNG" name="getPage" time="0.001"/>
</testsuite> <!-- com.class1.TaskTestNG -->
