<?xml version="1.0" encoding="UTF-8"?>
<!-- Generated by org.testng.reporters.JUnitReportReporter -->
<testsuite hostname="DESKTOP-84TE32L" failures="0" tests="3" name="com.TestNGstudyMySelf.TestNGBasics" time="0.012" errors="0" timestamp="2020-01-16T20:48:42 CST" skipped="0">
  <testcase classname="com.TestNGstudyMySelf.TestNGBasics" name="searchTest" time="0.003"/>
  <testcase classname="com.TestNGstudyMySelf.TestNGBasics" name="googleTitleTest" time="0.004"/>
  <testcase classname="com.TestNGstudyMySelf.TestNGBasics" name="googleLogoTest" time="0.005"/>
</testsuite> <!-- com.TestNGstudyMySelf.TestNGBasics -->
