<?xml version="1.0" encoding="UTF-8"?>
<!-- Generated by org.testng.reporters.JUnitReportReporter -->
<testsuite hostname="DESKTOP-84TE32L" failures="0" tests="3" name="com.class1.TestNGDemo" time="0.004" errors="0" timestamp="2020-01-13T19:36:46 CST" skipped="0">
  <testcase classname="com.class1.TestNGDemo" name="testThree" time="0.001"/>
  <testcase classname="com.class1.TestNGDemo" name="testTwo" time="0.002"/>
  <testcase classname="com.class1.TestNGDemo" name="testOne" time="0.001"/>
</testsuite> <!-- com.class1.TestNGDemo -->
