<?xml version="1.0" encoding="UTF-8"?>
<!-- Generated by org.testng.reporters.JUnitReportReporter -->
<testsuite hostname="DESKTOP-84TE32L" failures="0" tests="2" name="reviewTestNG.AssertionReviewDemo" time="0.020" errors="0" timestamp="2020-01-15T20:15:43 CST" skipped="0">
  <testcase classname="reviewTestNG.AssertionReviewDemo" name="testOne" time="0.013"/>
  <testcase classname="reviewTestNG.AssertionReviewDemo" name="testTwo" time="0.007"/>
</testsuite> <!-- reviewTestNG.AssertionReviewDemo -->
