<?xml version="1.0" encoding="UTF-8"?>
<!-- Generated by org.testng.reporters.JUnitReportReporter -->
<testsuite hostname="DESKTOP-84TE32L" failures="0" tests="1" name="com.TestNGstudyMySelf.ExceptionTimeOutTest" time="0.003" errors="0" timestamp="2020-01-16T20:48:42 CST" skipped="0">
  <testcase classname="com.TestNGstudyMySelf.ExceptionTimeOutTest" name="test1" time="0.003"/>
</testsuite> <!-- com.TestNGstudyMySelf.ExceptionTimeOutTest -->
