<?xml version="1.0" encoding="UTF-8"?>
<!-- Generated by org.testng.reporters.JUnitReportReporter -->
<testsuite hostname="DESKTOP-84TE32L" failures="0" tests="5" name="com.class3.HWDataProviderAddEmployee" time="115.593" errors="0" timestamp="2020-01-16T08:57:07 CST" skipped="0">
  <testcase classname="com.class3.HWDataProviderAddEmployee" name="addEmployee" time="25.327"/>
  <testcase classname="com.class3.HWDataProviderAddEmployee" name="addEmployee" time="21.245"/>
  <testcase classname="com.class3.HWDataProviderAddEmployee" name="addEmployee" time="23.324"/>
  <testcase classname="com.class3.HWDataProviderAddEmployee" name="addEmployee" time="24.171"/>
  <testcase classname="com.class3.HWDataProviderAddEmployee" name="addEmployee" time="21.526"/>
</testsuite> <!-- com.class3.HWDataProviderAddEmployee -->
