<?xml version="1.0" encoding="UTF-8"?>
<!-- Generated by org.testng.reporters.JUnitReportReporter -->
<testsuite hostname="DESKTOP-84TE32L" failures="0" tests="10" name="com.TestNGstudyMySelf.InvocationCountTest" time="0.038" errors="0" timestamp="2020-01-16T20:48:42 CST" skipped="0">
  <testcase classname="com.TestNGstudyMySelf.InvocationCountTest" name="sum" time="0.002"/>
  <testcase classname="com.TestNGstudyMySelf.InvocationCountTest" name="sum" time="0.003"/>
  <testcase classname="com.TestNGstudyMySelf.InvocationCountTest" name="sum" time="0.006"/>
  <testcase classname="com.TestNGstudyMySelf.InvocationCountTest" name="sum" time="0.002"/>
  <testcase classname="com.TestNGstudyMySelf.InvocationCountTest" name="sum" time="0.003"/>
  <testcase classname="com.TestNGstudyMySelf.InvocationCountTest" name="sum" time="0.003"/>
  <testcase classname="com.TestNGstudyMySelf.InvocationCountTest" name="sum" time="0.002"/>
  <testcase classname="com.TestNGstudyMySelf.InvocationCountTest" name="sum" time="0.002"/>
  <testcase classname="com.TestNGstudyMySelf.InvocationCountTest" name="sum" time="0.010"/>
  <testcase classname="com.TestNGstudyMySelf.InvocationCountTest" name="sum" time="0.005"/>
</testsuite> <!-- com.TestNGstudyMySelf.InvocationCountTest -->
