<?xml version="1.0" encoding="UTF-8"?>
<!-- Generated by org.testng.reporters.JUnitReportReporter -->
<testsuite hostname="DESKTOP-84TE32L" failures="0" tests="1" name="com.class2.SoftAssertion" time="7.945" errors="0" timestamp="2020-01-13T19:36:46 CST" skipped="0">
  <testcase classname="com.class2.SoftAssertion" name="LogoAndLogin" time="7.945"/>
</testsuite> <!-- com.class2.SoftAssertion -->
