<?xml version="1.0" encoding="UTF-8"?>
<!-- Generated by org.testng.reporters.JUnitReportReporter -->
<testsuite hostname="DESKTOP-84TE32L" failures="0" tests="5" name="reviewTestNG.AnnotationDemo" time="0.035" errors="0" timestamp="2020-01-15T19:53:37 CST" skipped="0">
  <testcase classname="reviewTestNG.AnnotationDemo" name="test3" time="0.002"/>
  <testcase classname="reviewTestNG.AnnotationDemo" name="test1" time="0.026"/>
  <testcase classname="reviewTestNG.AnnotationDemo" name="test4" time="0.002"/>
  <testcase classname="reviewTestNG.AnnotationDemo" name="test0" time="0.002"/>
  <testcase classname="reviewTestNG.AnnotationDemo" name="test2" time="0.003"/>
</testsuite> <!-- reviewTestNG.AnnotationDemo -->
